kotlin version: 1.9.10
error message: org.jetbrains.kotlin.backend.common.BackendException: Backend Internal error: Exception during psi2ir
File being compiled: (12,32) in /Users/leesohee/RiotProject/app/src/main/java/com/seeho/riotproject/navigation/TopLevelDestination.kt
The root cause org.jetbrains.kotlin.psi2ir.generators.ErrorExpressionException was thrown at: org.jetbrains.kotlin.psi2ir.generators.ErrorExpressionGenerator.generateErrorSimpleName(ErrorExpressionGenerator.kt:105)
null: KtNameReferenceExpression:
Upcoming
	at org.jetbrains.kotlin.backend.common.CodegenUtil.reportBackendException(CodegenUtil.kt:253)
	at org.jetbrains.kotlin.backend.common.CodegenUtil.reportBackendException$default(CodegenUtil.kt:237)
	at org.jetbrains.kotlin.psi2ir.generators.DeclarationGenerator.generateMemberDeclaration(DeclarationGenerator.kt:75)
	at org.jetbrains.kotlin.psi2ir.generators.ModuleGenerator.generateSingleFile(ModuleGenerator.kt:73)
	at org.jetbrains.kotlin.psi2ir.generators.ModuleGenerator.generateModuleFragment(ModuleGenerator.kt:53)
	at org.jetbrains.kotlin.psi2ir.Psi2IrTranslator.generateModuleFragment(Psi2IrTranslator.kt:97)
	at org.jetbrains.kotlin.backend.jvm.JvmIrCodegenFactory.convertToIr(JvmIrCodegenFactory.kt:255)
	at org.jetbrains.kotlin.backend.jvm.JvmIrCodegenFactory.convertToIr(JvmIrCodegenFactory.kt:59)
	at org.jetbrains.kotlin.codegen.KotlinCodegenFacade.compileCorrectFiles(KotlinCodegenFacade.java:41)
	at org.jetbrains.kotlin.kapt3.AbstractKapt3Extension.contextForStubGeneration(Kapt3Extension.kt:280)
	at org.jetbrains.kotlin.kapt3.AbstractKapt3Extension.analysisCompleted(Kapt3Extension.kt:174)
	at org.jetbrains.kotlin.kapt3.ClasspathBasedKapt3Extension.analysisCompleted(Kapt3Extension.kt:104)
	at org.jetbrains.kotlin.cli.jvm.compiler.TopDownAnalyzerFacadeForJVM$analyzeFilesWithJavaIntegration$2.invoke(TopDownAnalyzerFacadeForJVM.kt:104)
	at org.jetbrains.kotlin.cli.jvm.compiler.TopDownAnalyzerFacadeForJVM.analyzeFilesWithJavaIntegration(TopDownAnalyzerFacadeForJVM.kt:114)
	at org.jetbrains.kotlin.cli.jvm.compiler.TopDownAnalyzerFacadeForJVM.analyzeFilesWithJavaIntegration$default(TopDownAnalyzerFacadeForJVM.kt:88)
	at org.jetbrains.kotlin.cli.jvm.compiler.KotlinToJVMBytecodeCompiler$analyze$1.invoke(KotlinToJVMBytecodeCompiler.kt:256)
	at org.jetbrains.kotlin.cli.jvm.compiler.KotlinToJVMBytecodeCompiler$analyze$1.invoke(KotlinToJVMBytecodeCompiler.kt:42)
	at org.jetbrains.kotlin.cli.common.messages.AnalyzerWithCompilerReport.analyzeAndReport(AnalyzerWithCompilerReport.kt:115)
	at org.jetbrains.kotlin.cli.jvm.compiler.KotlinToJVMBytecodeCompiler.analyze(KotlinToJVMBytecodeCompiler.kt:247)
	at org.jetbrains.kotlin.cli.jvm.compiler.KotlinToJVMBytecodeCompiler.compileModules$cli(KotlinToJVMBytecodeCompiler.kt:87)
	at org.jetbrains.kotlin.cli.jvm.compiler.KotlinToJVMBytecodeCompiler.compileModules$cli$default(KotlinToJVMBytecodeCompiler.kt:47)
	at org.jetbrains.kotlin.cli.jvm.K2JVMCompiler.doExecute(K2JVMCompiler.kt:168)
	at org.jetbrains.kotlin.cli.jvm.K2JVMCompiler.doExecute(K2JVMCompiler.kt:53)
	at org.jetbrains.kotlin.cli.common.CLICompiler.execImpl(CLICompiler.kt:100)
	at org.jetbrains.kotlin.cli.common.CLICompiler.execImpl(CLICompiler.kt:46)
	at org.jetbrains.kotlin.cli.common.CLITool.exec(CLITool.kt:101)
	at org.jetbrains.kotlin.incremental.IncrementalJvmCompilerRunner.runCompiler(IncrementalJvmCompilerRunner.kt:460)
	at org.jetbrains.kotlin.incremental.IncrementalJvmCompilerRunner.runCompiler(IncrementalJvmCompilerRunner.kt:62)
	at org.jetbrains.kotlin.incremental.IncrementalCompilerRunner.doCompile(IncrementalCompilerRunner.kt:476)
	at org.jetbrains.kotlin.incremental.IncrementalCompilerRunner.compileImpl(IncrementalCompilerRunner.kt:399)
	at org.jetbrains.kotlin.incremental.IncrementalCompilerRunner.compileNonIncrementally(IncrementalCompilerRunner.kt:280)
	at org.jetbrains.kotlin.incremental.IncrementalCompilerRunner.compile(IncrementalCompilerRunner.kt:124)
	at org.jetbrains.kotlin.daemon.CompileServiceImplBase.execIncrementalCompiler(CompileServiceImpl.kt:636)
	at org.jetbrains.kotlin.daemon.CompileServiceImplBase.access$execIncrementalCompiler(CompileServiceImpl.kt:101)
	at org.jetbrains.kotlin.daemon.CompileServiceImpl.compile(CompileServiceImpl.kt:1598)
	at java.base/jdk.internal.reflect.NativeMethodAccessorImpl.invoke0(Native Method)
	at java.base/jdk.internal.reflect.NativeMethodAccessorImpl.invoke(Unknown Source)
	at java.base/jdk.internal.reflect.DelegatingMethodAccessorImpl.invoke(Unknown Source)
	at java.base/java.lang.reflect.Method.invoke(Unknown Source)
	at java.rmi/sun.rmi.server.UnicastServerRef.dispatch(Unknown Source)
	at java.rmi/sun.rmi.transport.Transport$1.run(Unknown Source)
	at java.rmi/sun.rmi.transport.Transport$1.run(Unknown Source)
	at java.base/java.security.AccessController.doPrivileged(Unknown Source)
	at java.rmi/sun.rmi.transport.Transport.serviceCall(Unknown Source)
	at java.rmi/sun.rmi.transport.tcp.TCPTransport.handleMessages(Unknown Source)
	at java.rmi/sun.rmi.transport.tcp.TCPTransport$ConnectionHandler.run0(Unknown Source)
	at java.rmi/sun.rmi.transport.tcp.TCPTransport$ConnectionHandler.lambda$run$0(Unknown Source)
	at java.base/java.security.AccessController.doPrivileged(Unknown Source)
	at java.rmi/sun.rmi.transport.tcp.TCPTransport$ConnectionHandler.run(Unknown Source)
	at java.base/java.util.concurrent.ThreadPoolExecutor.runWorker(Unknown Source)
	at java.base/java.util.concurrent.ThreadPoolExecutor$Worker.run(Unknown Source)
	at java.base/java.lang.Thread.run(Unknown Source)
Caused by: org.jetbrains.kotlin.psi2ir.generators.ErrorExpressionException: null: KtNameReferenceExpression:
Upcoming
	at org.jetbrains.kotlin.psi2ir.generators.ErrorExpressionGenerator.generateErrorSimpleName(ErrorExpressionGenerator.kt:105)
	at org.jetbrains.kotlin.psi2ir.generators.StatementGenerator.visitSimpleNameExpression(StatementGenerator.kt:375)
	at org.jetbrains.kotlin.psi2ir.generators.StatementGenerator.visitSimpleNameExpression(StatementGenerator.kt:54)
	at org.jetbrains.kotlin.psi.KtNameReferenceExpression.accept(KtNameReferenceExpression.kt:59)
	at org.jetbrains.kotlin.psi2ir.generators.StatementGenerator.visitDotQualifiedExpression(StatementGenerator.kt:427)
	at org.jetbrains.kotlin.psi2ir.generators.StatementGenerator.visitDotQualifiedExpression(StatementGenerator.kt:54)
	at org.jetbrains.kotlin.psi.KtDotQualifiedExpression.accept(KtDotQualifiedExpression.kt:32)
	at org.jetbrains.kotlin.psi2ir.generators.StatementGenerator.generateStatement(StatementGenerator.kt:70)
	at org.jetbrains.kotlin.psi2ir.generators.StatementGenerator.generateExpression(StatementGenerator.kt:83)
	at org.jetbrains.kotlin.psi2ir.generators.ArgumentsGenerationUtilsKt$pregenerateCall$1.invoke(ArgumentsGenerationUtils.kt:508)
	at org.jetbrains.kotlin.psi2ir.generators.ArgumentsGenerationUtilsKt$pregenerateCall$1.invoke(ArgumentsGenerationUtils.kt:508)
	at org.jetbrains.kotlin.psi2ir.generators.ArgumentsGenerationUtilsKt.generateValueArgumentUsing(ArgumentsGenerationUtils.kt:371)
	at org.jetbrains.kotlin.psi2ir.generators.ArgumentsGenerationUtilsKt.pregenerateValueArgumentsUsing(ArgumentsGenerationUtils.kt:755)
	at org.jetbrains.kotlin.psi2ir.generators.ArgumentsGenerationUtilsKt.pregenerateCallUsing(ArgumentsGenerationUtils.kt:518)
	at org.jetbrains.kotlin.psi2ir.generators.ArgumentsGenerationUtilsKt.pregenerateCall(ArgumentsGenerationUtils.kt:508)
	at org.jetbrains.kotlin.psi2ir.generators.BodyGenerator.generateEnumConstructorCall(BodyGenerator.kt:362)
	at org.jetbrains.kotlin.psi2ir.generators.BodyGenerator.generateEnumConstructorCallOrSuperCall(BodyGenerator.kt:348)
	at org.jetbrains.kotlin.psi2ir.generators.BodyGenerator.generateEnumEntryInitializer(BodyGenerator.kt:336)
	at org.jetbrains.kotlin.psi2ir.generators.ClassGenerator.generateEnumEntry(ClassGenerator.kt:538)
	at org.jetbrains.kotlin.psi2ir.generators.DeclarationGenerator.generateEnumEntryDeclaration(DeclarationGenerator.kt:105)
	at org.jetbrains.kotlin.psi2ir.generators.DeclarationGenerator.generateClassMemberDeclaration(DeclarationGenerator.kt:99)
	at org.jetbrains.kotlin.psi2ir.generators.ClassGenerator.generateMembersDeclaredInClassBody(ClassGenerator.kt:503)
	at org.jetbrains.kotlin.psi2ir.generators.ClassGenerator.generateClass(ClassGenerator.kt:102)
	at org.jetbrains.kotlin.psi2ir.generators.ClassGenerator.generateClass$default(ClassGenerator.kt:64)
	at org.jetbrains.kotlin.psi2ir.generators.DeclarationGenerator.generateClassOrObjectDeclaration(DeclarationGenerator.kt:108)
	at org.jetbrains.kotlin.psi2ir.generators.DeclarationGenerator.generateMemberDeclaration(DeclarationGenerator.kt:53)
	... 49 more


